0 info it worked if it ends with ok
1 verbose cli [ 'C:\\Program Files\\nodejs\\node.exe',
1 verbose cli   'C:\\Program Files\\nodejs\\node_modules\\npm\\bin\\npm-cli.js',
1 verbose cli   'run',
1 verbose cli   'build-dev' ]
2 info using npm@3.10.10
3 info using node@v6.11.2
4 verbose run-script [ 'prebuild-dev', 'build-dev', 'postbuild-dev' ]
5 info lifecycle dealeron-torque-cam@1.0.0~prebuild-dev: dealeron-torque-cam@1.0.0
6 silly lifecycle dealeron-torque-cam@1.0.0~prebuild-dev: no script for prebuild-dev, continuing
7 info lifecycle dealeron-torque-cam@1.0.0~build-dev: dealeron-torque-cam@1.0.0
8 verbose lifecycle dealeron-torque-cam@1.0.0~build-dev: unsafe-perm in lifecycle true
9 verbose lifecycle dealeron-torque-cam@1.0.0~build-dev: PATH: C:\Program Files\nodejs\node_modules\npm\bin\node-gyp-bin;C:\Users\jmueller\Desktop\DealerOn.Cam\DealerOn.Cam\src\DealerOn.Cam.Web\wwwroot\node_modules\.bin;C:\ProgramData\DockerDesktop\version-bin;C:\Program Files\Docker\Docker\Resources\bin;C:\Program Files (x86)\Common Files\Oracle\Java\javapath;C:\Program Files (x86)\Python37-32\Scripts\;C:\Program Files (x86)\Python37-32\;C:\Program Files\Python37\Scripts\;C:\Program Files\Python37\;C:\Program Files\Python36\Scripts\;C:\Program Files\Python36\;C:\Program Files (x86)\Python35-32\Scripts\;C:\Program Files (x86)\Python35-32\;C:\Program Files (x86)\Python36-32\Scripts\;C:\Program Files (x86)\Python36-32\;C:\Program Files\Microsoft MPI\Bin\;C:\WINDOWS\system32;C:\WINDOWS;C:\WINDOWS\System32\Wbem;C:\WINDOWS\System32\WindowsPowerShell\v1.0\;C:\Program Files (x86)\Microsoft SQL Server\Client SDK\ODBC\130\Tools\Binn\;C:\Program Files (x86)\Microsoft SQL Server\130\Tools\Binn\;C:\Program Files (x86)\Microsoft SQL Server\130\DTS\Binn\;C:\Program Files (x86)\Microsoft SQL Server\130\Tools\Binn\ManagementStudio\;C:\Program Files\Microsoft SQL Server\120\Tools\Binn\;C:\Program Files\Microsoft SQL Server\130\Tools\Binn\;C:\Program Files\Microsoft\Web Platform Installer\;C:\Program Files (x86)\Microsoft SQL Server\110\DTS\Binn\;C:\Program Files (x86)\Microsoft SQL Server\120\DTS\Binn\;C:\Program Files\nodejs\;C:\Program Files\dotnet\;C:\Program Files (x86)\GtkSharp\2.12\bin;C:\Program Files (x86)\Microsoft SQL Server\140\Tools\Binn\;C:\Program Files (x86)\Microsoft SQL Server\140\DTS\Binn\;C:\Program Files (x86)\Microsoft SQL Server\140\Tools\Binn\ManagementStudio\;C:\Program Files\Java\jdk1.8.0_172\\bin;C:\Program Files\Microsoft VS Code\bin;C:\Program Files (x86)\dotnet\;C:\WINDOWS\System32\OpenSSH\;C:\Program Files\Git\cmd;C:\Program Files\SQL Operations Studio\bin;C:\Users\jmueller\AppData\Local\Microsoft\WindowsApps;C:\Users\jmueller\AppData\Roaming\npm;C:\Program Files\Microsoft VS Code\bin;C:\Users\jmueller\AppData\Local\GitHubDesktop\bin;C:\Program Files\Java\jdk1.8.0_172\\bin;;C:\Program Files\SQL Operations Studio\bin;C:\Users\jmueller\AppData\Local\Microsoft\WindowsApps;C:\Program Files\SQL Operations Studio\bin;C:\Users\jmueller\.dotnet\tools;C:\Users\jmueller\AppData\Local\Programs\Azure Data Studio\bin
10 verbose lifecycle dealeron-torque-cam@1.0.0~build-dev: CWD: C:\Users\jmueller\Desktop\DealerOn.Cam\DealerOn.Cam\src\DealerOn.Cam.Web\wwwroot
11 silly lifecycle dealeron-torque-cam@1.0.0~build-dev: Args: [ '/d /s /c', 'webpack -d --config webpack.config.dev.js' ]
12 silly lifecycle dealeron-torque-cam@1.0.0~build-dev: Returned: code: 2  signal: null
13 info lifecycle dealeron-torque-cam@1.0.0~build-dev: Failed to exec build-dev script
14 verbose stack Error: dealeron-torque-cam@1.0.0 build-dev: `webpack -d --config webpack.config.dev.js`
14 verbose stack Exit status 2
14 verbose stack     at EventEmitter.<anonymous> (C:\Program Files\nodejs\node_modules\npm\lib\utils\lifecycle.js:255:16)
14 verbose stack     at emitTwo (events.js:106:13)
14 verbose stack     at EventEmitter.emit (events.js:191:7)
14 verbose stack     at ChildProcess.<anonymous> (C:\Program Files\nodejs\node_modules\npm\lib\utils\spawn.js:40:14)
14 verbose stack     at emitTwo (events.js:106:13)
14 verbose stack     at ChildProcess.emit (events.js:191:7)
14 verbose stack     at maybeClose (internal/child_process.js:891:16)
14 verbose stack     at Process.ChildProcess._handle.onexit (internal/child_process.js:226:5)
15 verbose pkgid dealeron-torque-cam@1.0.0
16 verbose cwd C:\Users\jmueller\Desktop\DealerOn.Cam\DealerOn.Cam\src\DealerOn.Cam.Web\wwwroot
17 error Windows_NT 10.0.17134
18 error argv "C:\\Program Files\\nodejs\\node.exe" "C:\\Program Files\\nodejs\\node_modules\\npm\\bin\\npm-cli.js" "run" "build-dev"
19 error node v6.11.2
20 error npm  v3.10.10
21 error code ELIFECYCLE
22 error dealeron-torque-cam@1.0.0 build-dev: `webpack -d --config webpack.config.dev.js`
22 error Exit status 2
23 error Failed at the dealeron-torque-cam@1.0.0 build-dev script 'webpack -d --config webpack.config.dev.js'.
23 error Make sure you have the latest version of node.js and npm installed.
23 error If you do, this is most likely a problem with the dealeron-torque-cam package,
23 error not with npm itself.
23 error Tell the author that this fails on your system:
23 error     webpack -d --config webpack.config.dev.js
23 error You can get information on how to open an issue for this project with:
23 error     npm bugs dealeron-torque-cam
23 error Or if that isn't available, you can get their info via:
23 error     npm owner ls dealeron-torque-cam
23 error There is likely additional logging output above.
24 verbose exit [ 1, true ]
